TN:
SF:CalcularTaxaEntrega.js
FN:2,(anonymous_0)
FN:8,CalcularTaxaEntrega
FNF:2
FNH:2
FNDA:4,(anonymous_0)
FNDA:13,CalcularTaxaEntrega
DA:3,4
DA:4,4
DA:9,13
DA:10,4
DA:13,9
DA:14,3
DA:15,6
DA:16,3
DA:18,3
DA:22,1
LF:10
LH:10
BRDA:9,0,0,4
BRDA:9,0,1,9
BRDA:9,1,0,13
BRDA:9,1,1,11
BRDA:13,2,0,3
BRDA:13,2,1,6
BRDA:15,3,0,3
BRDA:15,3,1,3
BRF:8
BRH:8
end_of_record
TN:
SF:validadorDesconto.js
FN:1,calcularDesconto
FNF:1
FNH:1
FNDA:9,calcularDesconto
DA:2,9
DA:3,2
DA:6,7
DA:7,3
DA:8,4
DA:9,2
DA:11,2
DA:15,1
LF:8
LH:8
BRDA:2,0,0,2
BRDA:2,0,1,7
BRDA:2,1,0,9
BRDA:2,1,1,8
BRDA:6,2,0,3
BRDA:6,2,1,4
BRDA:8,3,0,2
BRDA:8,3,1,2
BRF:8
BRH:8
end_of_record
